INFO:     Will watch for changes in these directories: ['/home/ubuntu/recoveryos']
INFO:     Uvicorn running on http://0.0.0.0:8001 (Press CTRL+C to quit)
INFO:     Started reloader process [34969] using StatReload
INFO:     Started server process [35015]
INFO:     Waiting for application startup.
INFO:     Application startup complete.
INFO:     127.0.0.1:37618 - "GET /healthz HTTP/1.1" 200 OK
2025-08-14 23:31:05,335 | INFO | Learning new task | TaskID=stress_prediction
2025-08-14 23:31:05,336 | INFO | Elite endpoint request | Endpoint=continual_learning | Success=True | Latency=5.79ms | Data={}
INFO:     127.0.0.1:37620 - "POST /elite/continual-learning/train HTTP/1.1" 200 OK
2025-08-14 23:31:05,352 | INFO | Registered federated client | ClientID=a69109d78c0a8c72 | UserID=test_client
2025-08-14 23:31:05,352 | WARNING | Unknown client | ClientID=test_client
2025-08-14 23:31:05,352 | WARNING | Insufficient clients for aggregation | Have=0 | Need=3
2025-08-14 23:31:05,352 | INFO | Elite endpoint request | Endpoint=federated_learning | Success=True | Latency=0.64ms | Data={}
INFO:     127.0.0.1:37628 - "POST /elite/federated-learning/train HTTP/1.1" 200 OK
2025-08-14 23:31:05,374 | INFO | Compiled emotion model | ModelID=emotion_edge_v1
2025-08-14 23:31:05,374 | INFO | Loaded JS model | ModelID=emotion_edge_v1
2025-08-14 23:31:05,374 | INFO | Deployed edge model | ID=emotion_edge_v1_javascript
2025-08-14 23:31:05,374 | INFO | Elite endpoint request | Endpoint=edge_ai | Success=True | Latency=0.62ms | Data={}
INFO:     127.0.0.1:37632 - "POST /elite/edge-ai/deploy HTTP/1.1" 200 OK
2025-08-14 23:31:05,807 | INFO | Elite endpoint request | Endpoint=metrics | Success=True | Latency=0.05ms | Data={}
INFO:     127.0.0.1:37634 - "GET /elite/metrics HTTP/1.1" 200 OK
2025-08-14 23:31:05,827 | WARNING | Insufficient privacy budget | User=anonymous
2025-08-14 23:31:05,828 | INFO | Elite endpoint request | Endpoint=differential_privacy | Success=True | Latency=0.23ms | Data={}
INFO:     127.0.0.1:37640 - "POST /elite/differential-privacy/analyze HTTP/1.1" 200 OK
WARNING:  StatReload detected changes in 'observability_enhanced.py'. Reloading...
INFO:     Shutting down
INFO:     Waiting for application shutdown.
INFO:     Application shutdown complete.
INFO:     Finished server process [35015]
INFO:     Started server process [37402]
INFO:     Waiting for application startup.
INFO:     Application startup complete.
INFO:     Shutting down
INFO:     Waiting for application shutdown.
INFO:     Application shutdown complete.
INFO:     Finished server process [37402]
INFO:     Stopping reloader process [34969]
